<?xml version="1.0" encoding="UTF-8"?>
<!-- Generated by org.testng.reporters.JUnitXMLReporter -->
<testsuite hostname="MyLaptops" ignored="1" name="loginGoogle" tests="1" failures="0" timestamp="02 Dec 2018 18:07:31 GMT" time="0.0" errors="0">
  <testcase name="loginGoogle" time="0.0" classname="TestClasses.LogInToGoogle"/>
  <testcase name="logoutFromGoogle" time="0.0" classname="TestClasses.LogInToGoogle">
    <ignored/>
  </testcase> <!-- logoutFromGoogle -->
</testsuite> <!-- loginGoogle -->
