<?xml version="1.0" encoding="UTF-8"?>
<!-- Generated by org.testng.reporters.JUnitXMLReporter -->
<testsuite hostname="MyLaptops" ignored="1" name="LogInToGoogle1" tests="1" failures="0" timestamp="04 Dec 2018 19:33:59 GMT" time="0.074" errors="0">
  <testcase name="loginGoogle" time="0.025" classname="TestClasses.LogInToGoogle"/>
  <testcase name="logoutFromGoogle" time="0.0" classname="TestClasses.LogInToGoogle">
    <ignored/>
  </testcase> <!-- logoutFromGoogle -->
</testsuite> <!-- LogInToGoogle1 -->
